2026-07-15 08:52:53,927 | INFO | ==================================================
2026-07-15 08:52:53,927 | INFO | BIST AI LAB v3 Started
2026-07-15 08:52:53,927 | INFO | ==================================================
2026-07-15 08:54:54,827 | INFO | ==================================================
2026-07-15 08:54:54,827 | INFO | BIST AI LAB v3 Started
2026-07-15 08:54:54,827 | INFO | ==================================================
2026-07-15 08:59:16,230 | INFO | ==================================================
2026-07-15 08:59:16,230 | INFO | BIST AI LAB v3 Started
2026-07-15 08:59:16,230 | INFO | ==================================================
2026-07-16 15:18:38,679 | INFO | BIST_AI_LAB | BIST AI LAB 6.0.0 (Development)
2026-07-16 15:35:19,843 | INFO | BIST_AI_LAB | BIST AI LAB 6.0.0 (Development)
2026-07-16 15:35:19,864 | INFO | httpx | HTTP Request: GET http://testserver/ "HTTP/1.1 200 OK"
2026-07-16 15:35:19,869 | INFO | httpx | HTTP Request: GET http://testserver/health "HTTP/1.1 200 OK"
2026-07-16 15:35:19,874 | INFO | httpx | HTTP Request: GET http://testserver/system "HTTP/1.1 200 OK"
2026-07-16 15:41:29,586 | INFO | BIST_AI_LAB | BIST AI LAB 6.0.0 (Development)
2026-07-16 15:43:23,012 | INFO | BIST_AI_LAB | BIST AI LAB 6.0.0 (Development)
2026-07-16 15:43:23,030 | INFO | httpx | HTTP Request: GET http://testserver/ "HTTP/1.1 200 OK"
2026-07-16 15:43:23,037 | INFO | httpx | HTTP Request: GET http://testserver/health "HTTP/1.1 200 OK"
2026-07-16 15:43:23,043 | INFO | httpx | HTTP Request: GET http://testserver/system "HTTP/1.1 200 OK"
2026-07-16 16:01:22,579 | INFO | BIST_AI_LAB | BIST AI LAB 6.0.0 (Development)
2026-07-16 16:03:04,687 | INFO | BIST_AI_LAB | BIST AI LAB 6.0.0 (Development)
2026-07-16 16:03:04,708 | INFO | httpx | HTTP Request: GET http://testserver/ "HTTP/1.1 200 OK"
2026-07-16 16:03:04,714 | INFO | httpx | HTTP Request: GET http://testserver/health "HTTP/1.1 200 OK"
2026-07-16 16:03:04,721 | INFO | httpx | HTTP Request: GET http://testserver/system "HTTP/1.1 200 OK"
2026-07-16 16:36:14,523 | INFO | BIST_AI_LAB | BIST AI LAB 6.0.0 (Development)
2026-07-16 16:55:30,026 | INFO | BIST_AI_LAB | BIST AI LAB 6.0.0 (Development)
2026-07-16 16:56:04,973 | INFO | BIST_AI_LAB | BIST AI LAB 6.0.0 (Development)
2026-07-16 16:58:10,335 | INFO | BIST_AI_LAB | BIST AI LAB 6.0.0 (Development)
2026-07-16 16:58:11,572 | INFO | BIST_AI_LAB | BIST AI LAB 6.0.0 (Development)
2026-07-16 16:58:33,531 | INFO | BIST_AI_LAB | BIST AI LAB 6.0.0 (Development)
2026-07-16 16:58:57,886 | INFO | BIST_AI_LAB | BIST AI LAB 6.0.0 (Development)
2026-07-16 16:59:57,533 | ERROR | yfinance | Failed to get ticker 'STRING' reason: Failed to perform, curl: (28) Connection timed out after 30004 milliseconds. See https://curl.se/libcurl/c/libcurl-errors.html first for more details.
2026-07-16 17:00:27,592 | ERROR | yfinance | 
1 Failed download:
2026-07-16 17:00:27,593 | ERROR | yfinance | ['STRING']: Timeout('Failed to perform, curl: (28) Connection timed out after 30013 milliseconds. See https://curl.se/libcurl/c/libcurl-errors.html first for more details.')
2026-07-16 17:01:20,659 | INFO | BIST_AI_LAB | BIST AI LAB 6.0.0 (Development)
2026-07-16 17:01:20,701 | INFO | BIST_AI_LAB | BIST AI LAB 6.0.0 (Development)
2026-07-18 21:30:21,259 | INFO | BIST_AI_LAB | BIST AI LAB 6.0.0 (Development)
2026-07-18 21:30:31,046 | INFO | httpx | HTTP Request: POST http://testserver/predict "HTTP/1.1 422 Unprocessable Entity"
2026-07-18 21:35:50,182 | INFO | BIST_AI_LAB | BIST AI LAB 6.0.0 (Development)
2026-07-18 21:35:56,185 | INFO | httpx | HTTP Request: POST http://testserver/predict "HTTP/1.1 200 OK"
2026-07-18 21:40:52,409 | INFO | BIST_AI_LAB | BIST AI LAB 6.0.0 (Development)
2026-07-18 21:40:59,133 | INFO | httpx | HTTP Request: POST http://testserver/scan "HTTP/1.1 200 OK"
2026-07-18 21:51:33,480 | INFO | BIST_AI_LAB | BIST AI LAB 6.0.0 (Development)
2026-07-18 21:51:33,745 | INFO | httpx | HTTP Request: POST http://testserver/top-picks "HTTP/1.1 404 Not Found"
2026-07-18 21:52:56,866 | INFO | BIST_AI_LAB | BIST AI LAB 6.0.0 (Development)
2026-07-18 21:53:03,251 | INFO | BIST_AI_LAB | BIST AI LAB 6.0.0 (Development)
2026-07-18 23:45:21,855 | INFO | BIST_AI_LAB | BIST AI LAB 6.0.0 (Development)
2026-07-18 23:45:22,260 | INFO | httpx | HTTP Request: GET http://testserver/ "HTTP/1.1 200 OK"
2026-07-18 23:45:22,267 | INFO | httpx | HTTP Request: GET http://testserver/health "HTTP/1.1 200 OK"
2026-07-18 23:45:22,274 | INFO | httpx | HTTP Request: GET http://testserver/system "HTTP/1.1 200 OK"
2026-07-18 23:45:32,946 | INFO | BIST_AI_LAB | BIST AI LAB 6.0.0 (Development)
2026-07-18 23:45:38,183 | INFO | httpx | HTTP Request: POST http://testserver/predict "HTTP/1.1 200 OK"
2026-07-18 23:45:47,895 | INFO | BIST_AI_LAB | BIST AI LAB 6.0.0 (Development)
2026-07-18 23:45:48,179 | INFO | httpx | HTTP Request: POST http://testserver/scan "HTTP/1.1 404 Not Found"
2026-07-18 23:46:15,349 | INFO | BIST_AI_LAB | BIST AI LAB 6.0.0 (Development)
2026-07-18 23:46:15,613 | INFO | httpx | HTTP Request: POST http://testserver/top-picks "HTTP/1.1 404 Not Found"
2026-07-18 23:47:39,565 | INFO | BIST_AI_LAB | BIST AI LAB 6.0.0 (Development)
2026-07-18 23:47:45,494 | INFO | httpx | HTTP Request: POST http://testserver/scan "HTTP/1.1 200 OK"
2026-07-18 23:47:57,104 | INFO | BIST_AI_LAB | BIST AI LAB 6.0.0 (Development)
2026-07-18 23:48:01,171 | INFO | httpx | HTTP Request: POST http://testserver/top-picks "HTTP/1.1 200 OK"
2026-07-18 23:52:06,863 | INFO | BIST_AI_LAB | BIST AI LAB 6.0.0 (Development)
2026-07-18 23:52:07,178 | INFO | httpx | HTTP Request: GET http://testserver/ "HTTP/1.1 200 OK"
2026-07-18 23:52:07,186 | INFO | httpx | HTTP Request: GET http://testserver/health "HTTP/1.1 200 OK"
2026-07-18 23:52:07,194 | INFO | httpx | HTTP Request: GET http://testserver/system "HTTP/1.1 200 OK"
2026-07-18 23:52:29,987 | INFO | BIST_AI_LAB | BIST AI LAB 6.0.0 (Development)
2026-07-18 23:52:32,587 | INFO | httpx | HTTP Request: POST http://testserver/predict "HTTP/1.1 200 OK"
2026-07-18 23:52:55,581 | INFO | BIST_AI_LAB | BIST AI LAB 6.0.0 (Development)
2026-07-18 23:53:01,338 | INFO | httpx | HTTP Request: POST http://testserver/scan "HTTP/1.1 200 OK"
2026-07-18 23:53:42,073 | INFO | BIST_AI_LAB | BIST AI LAB 6.0.0 (Development)
2026-07-18 23:53:46,329 | INFO | httpx | HTTP Request: POST http://testserver/top-picks "HTTP/1.1 200 OK"
2026-07-18 23:54:09,182 | INFO | BIST_AI_LAB | BIST AI LAB 6.0.0 (Development)
2026-07-19 00:03:56,253 | INFO | BIST_AI_LAB | BIST AI LAB 6.0.0 (Development)
2026-07-19 00:05:42,158 | INFO | BIST_AI_LAB | BIST AI LAB 6.0.0 (Development)
2026-07-19 00:05:42,491 | INFO | httpx | HTTP Request: GET http://testserver/ "HTTP/1.1 200 OK"
2026-07-19 00:05:42,499 | INFO | httpx | HTTP Request: GET http://testserver/health "HTTP/1.1 200 OK"
2026-07-19 00:05:42,507 | INFO | httpx | HTTP Request: GET http://testserver/system "HTTP/1.1 200 OK"
2026-07-19 00:09:14,200 | INFO | BIST_AI_LAB | BIST AI LAB 6.0.0 (Development)
2026-07-19 00:23:16,573 | INFO | BIST_AI_LAB | BIST AI LAB 6.0.0 (Development)
2026-07-19 00:24:33,538 | INFO | BIST_AI_LAB | BIST AI LAB 6.0.0 (Development)
2026-07-19 00:25:56,778 | INFO | BIST_AI_LAB | BIST AI LAB 6.0.0 (Development)
2026-07-19 00:26:01,692 | INFO | BIST_AI_LAB | BIST AI LAB 6.0.0 (Development)
2026-07-19 00:26:10,387 | INFO | BIST_AI_LAB | BIST AI LAB 6.0.0 (Development)
2026-07-19 00:28:39,180 | INFO | BIST_AI_LAB | BIST AI LAB 6.0.0 (Development)
2026-07-19 00:30:07,066 | INFO | BIST_AI_LAB | BIST AI LAB 6.0.0 (Development)
2026-07-19 00:31:18,377 | INFO | BIST_AI_LAB | BIST AI LAB 6.0.0 (Development)
2026-07-19 00:32:31,371 | ERROR | yfinance | HTTP Error 404: {"quoteSummary":{"result":null,"error":{"code":"Not Found","description":"Quote not found for symbol: STRING"}}}
2026-07-19 00:32:32,062 | ERROR | yfinance | $STRING: possibly delisted; no price data found  (period=5y) (Yahoo error = "No data found, symbol may be delisted")
2026-07-19 00:32:32,074 | ERROR | yfinance | 
1 Failed download:
2026-07-19 00:32:32,074 | ERROR | yfinance | ['STRING']: possibly delisted; no price data found  (period=5y) (Yahoo error = "No data found, symbol may be delisted")
2026-07-19 00:32:48,489 | ERROR | yfinance | HTTP Error 404: {"quoteSummary":{"result":null,"error":{"code":"Not Found","description":"Quote not found for symbol: STRING"}}}
2026-07-19 00:32:49,028 | ERROR | yfinance | $STRING: possibly delisted; no price data found  (period=5y) (Yahoo error = "No data found, symbol may be delisted")
2026-07-19 00:32:49,031 | ERROR | yfinance | 
1 Failed download:
2026-07-19 00:32:49,031 | ERROR | yfinance | ['STRING']: possibly delisted; no price data found  (period=5y) (Yahoo error = "No data found, symbol may be delisted")
2026-07-19 00:35:59,512 | INFO | BIST_AI_LAB | BIST AI LAB 6.0.0 (Development)
2026-07-19 00:36:04,330 | INFO | BIST_AI_LAB | BIST AI LAB 6.0.0 (Development)
2026-07-19 00:41:33,275 | INFO | BIST_AI_LAB | BIST AI LAB 6.0.0 (Development)
2026-07-19 00:43:15,250 | INFO | BIST_AI_LAB | BIST AI LAB 6.0.0 (Development)
2026-07-19 00:43:26,716 | INFO | BIST_AI_LAB | BIST AI LAB 6.0.0 (Development)
2026-07-19 00:43:47,295 | INFO | BIST_AI_LAB | BIST AI LAB 6.0.0 (Development)
2026-07-19 00:43:49,976 | INFO | httpx | HTTP Request: POST http://testserver/predict "HTTP/1.1 200 OK"
